[debug] [2017-11-13T22:59:25.968Z] ----------------------------------------------------------------------
[debug] [2017-11-13T22:59:25.971Z] Command:       /home/ubuntu/.nvm/versions/node/v6.11.2/bin/node /home/ubuntu/.nvm/versions/node/v6.11.2/bin/firebase serve -o 0.0.0.0 -p 8080
[debug] [2017-11-13T22:59:25.971Z] CLI Version:   3.15.0
[debug] [2017-11-13T22:59:25.971Z] Platform:      linux
[debug] [2017-11-13T22:59:25.971Z] Node Version:  v6.11.2
[debug] [2017-11-13T22:59:25.971Z] Time:          Mon Nov 13 2017 22:59:25 GMT+0000 (UTC)
[debug] [2017-11-13T22:59:25.971Z] ----------------------------------------------------------------------
[debug] 
[debug] [2017-11-13T22:59:25.984Z] > command requires scopes: ["email","openid","https://www.googleapis.com/auth/cloudplatformprojects.readonly","https://www.googleapis.com/auth/firebase","https://www.googleapis.com/auth/cloud-platform"]
[debug] [2017-11-13T22:59:25.985Z] > authorizing via signed-in user
[debug] [2017-11-13T22:59:25.987Z] > refreshing access token with scopes: ["email","https://www.googleapis.com/auth/cloud-platform","https://www.googleapis.com/auth/cloudplatformprojects.readonly","https://www.googleapis.com/auth/firebase","openid"]
[debug] [2017-11-13T22:59:25.987Z] >>> HTTP REQUEST POST https://www.googleapis.com/oauth2/v3/token { refresh_token: '1/v_0BMpFvKRbSkOySe94vZoRY-vyi0qjimCFKw3XNpT8',
  client_id: '563584335869-fgrhgmd47bqnekij5i8b5pr03ho849e6.apps.googleusercontent.com',
  client_secret: 'j9iVZfS8kkCEFUPaAeJV0sAi',
  grant_type: 'refresh_token',
  scope: 'email https://www.googleapis.com/auth/cloud-platform https://www.googleapis.com/auth/cloudplatformprojects.readonly https://www.googleapis.com/auth/firebase openid' } 
 Mon Nov 13 2017 22:59:25 GMT+0000 (UTC)
[debug] [2017-11-13T22:59:26.070Z] <<< HTTP RESPONSE 200
[debug] [2017-11-13T22:59:26.078Z] >>> HTTP REQUEST GET https://admin.firebase.com/v1/projects/friendlychatweb-4b8ae  
 Mon Nov 13 2017 22:59:26 GMT+0000 (UTC)
[debug] [2017-11-13T22:59:26.209Z] <<< HTTP RESPONSE 200
[debug] [2017-11-13T22:59:26.210Z] >>> HTTP REQUEST GET https://admin.firebase.com/v1/database/friendlychatweb-4b8ae/tokens  
 Mon Nov 13 2017 22:59:26 GMT+0000 (UTC)
[debug] [2017-11-13T22:59:26.553Z] <<< HTTP RESPONSE 200
[info] 
[info] === Serving from '/home/ubuntu/workspace/web-start'...
[info] 
[debug] [2017-11-13T22:59:26.557Z] >>> HTTP REQUEST GET https://cloudresourcemanager.googleapis.com/v1/projects/friendlychatweb-4b8ae  
 Mon Nov 13 2017 22:59:26 GMT+0000 (UTC)
[debug] [2017-11-13T22:59:26.655Z] <<< HTTP RESPONSE 200
[debug] [2017-11-13T22:59:26.656Z] >>> HTTP REQUEST GET https://mobilesdk-pa.googleapis.com/v1/projects/841793622575/clients/_:getWebAppConfig  
 Mon Nov 13 2017 22:59:26 GMT+0000 (UTC)
[debug] [2017-11-13T22:59:26.821Z] <<< HTTP RESPONSE 200
[info] i  hosting: Serving hosting files from: ./
[info] ✔  hosting: Local server: http://0.0.0.0:8080

